Unity Player [version: Unity 5.5.0f3_38b4efef76f0]

BehaviorTreeFPS.exe caused an Access Violation (0xc0000005)
  in module BehaviorTreeFPS.exe at 0023:fe8007e1.

Error occurred at 2017-02-24_123856.
C:\Users\Rory\Documents\AI-Game\bin\BehaviorTreeFPS.exe, run by Rory.
36% memory in use.
0 MB physical memory [0 MB free].
0 MB paging file [0 MB free].
0 MB user address space [3677 MB free].
Write to location fe8007e1 caused an access violation.

Context:
EDI:    0x01ecbfa8  ESI: 0xfe8007e1  EAX:   0x162d2640
EBX:    0x00000000  ECX: 0xfe8007e1  EDX:   0x69435bd0
EIP:    0xfe8007e1  EBP: 0x01bbf9b8  SegCs: 0x00000023
EFlags: 0x00210282  ESP: 0x01bbf9a4  SegSs: 0x0000002b

Bytes at CS:EIP:
?? ?? ?? ?? ?? ?? ?? ?? ?? ?? ?? ?? ?? ?? ?? ?? 

Stack:
0x01bbf9a4: 69452779 01ecbfa8 042281f0 04ec66a0 y'Ei......"..f..
0x01bbf9b4: 789b7584 01bbf9cc 00ee9f44 01ecc39c .u.x....D.......
0x01bbf9c4: 04ec8ab0 00000001 01bbf9e4 00ef4868 ............hH..
0x01bbf9d4: 0422f550 04ec66a0 00000000 00000000 P."..f..........
0x01bbf9e4: 01bbf9f0 00ef536b 04ec66a0 01bbfa18 ....kS...f......
0x01bbf9f4: 00a60855 00000000 04749120 00f0e240 U....... .t.@...
0x01bbfa04: 00000000 00000000 04749120 00f0e49b ........ .t.....
0x01bbfa14: 04ec4e80 01bbfa38 00f0cfdb 00000001 .N..8...........
0x01bbfa24: 00000000 04ec4e80 00000000 00294254 .....N......TB).
0x01bbfa34: 00294250 01bbfa44 00f0d77b 04ec4e80 PB).D...{....N..
0x01bbfa44: 01bbfb8c 00a607f3 00000000 00000001 ................
0x01bbfa54: 00eb589e 00eb80a7 00f8fe0b 00000000 .X..............
0x01bbfa64: 01cbb000 0420bbc0 00c0003f 000003ff ...... .?.......
0x01bbfa74: 00000000 00000041 0000004f 00001fff ....A...O.......
0x01bbfa84: 0420bb70 03fe1e78 01792d48 01bbfa48 p. .x...H-y.H...
0x01bbfa94: 00000046 0000004f 03e97e88 01bbfabc F...O....~......
0x01bbfaa4: 00f16cce 24882de7 01bbfadc 00fabf64 .l...-.$....d...
0x01bbfab4: 00000411 00001001 03fe1e78 0000000f ........x.......
0x01bbfac4: 0000000f 000003a4 01820a80 03fe1640 ............@...
0x01bbfad4: fac38ca8 0420bcb0 01bbfb1c 00f9d3df ...... .........
0x01bbfae4: 01bbfb0c 00000047 0000004f 03fe1e78 ....G...O...x...
0x01bbfaf4: 04207b10 01792d48 0000000f 000003a4 .{ .H-y.........
0x01bbfb04: 00000038 0000003f 01bbfa48 616e614d 8...?...H...Mana
0x01bbfb14: 00646567 6c65746e 00000000 00000007 ged.ntel........
0x01bbfb24: 0000000f 01792d48 04207a10 04207a48 ....H-y..z .Hz .
0x01bbfb34: 04207a48 00000016 03e97ec0 65646900 Hz ......~...ide
0x01bbfb44: 646e6957 6c00776f 01bb006c 00000000 Window.ll.......
0x01bbfb54: 0000000f 00000000 00000000 65726100 .............are
0x01bbfb64: 5748746e 0000444e 01e83288 00000000 ntHWND...2......
0x01bbfb74: 0000000f 00000000 03e97ec0 03e97f00 .........~......
0x01bbfb84: 00000000 00100801 01bbfba4 00f574f8 .............t..
0x01bbfb94: 00800000 00000000 01e8328a 00000001 .........2......
0x01bbfba4: 01bbfc34 00f8fdb8 00800000 00000000 4...............
0x01bbfbb4: 01e8328a 00000001 24882b7f 00f8fe0b .2.......+.$....
0x01bbfbc4: 00f8fe0b 01cbb000 00000044 01e81c42 ........D...B...
0x01bbfbd4: 01e81c22 01e81bb2 00000000 00000000 "...............
0x01bbfbe4: 00000000 00000000 00000000 00000000 ................
0x01bbfbf4: 00000000 00000401 00000001 00000000 ................
0x01bbfc04: 00000000 00010001 00000000 c0000005 ................
0x01bbfc14: 00f8fe0b 00000000 01bbfbbc 01bbf354 ............T...
0x01bbfc24: 01bbfc80 00f91710 24b3c0e3 00000000 ...........$....
0x01bbfc34: 01bbfc48 76ba62c4 01cbb000 76ba62a0 H....b.v.....b.v
0x01bbfc44: 32505e87 01bbfc90 775e0fd9 01cbb000 .^P2......^w....
0x01bbfc54: fac38af8 00000000 00000000 01cbb000 ................
0x01bbfc64: c0000005 00000000 01bbf334 7529d2a0 ........4.....)u
0x01bbfc74: fac38af8 01bbfc54 01bbf334 01bbfc98 ....T...4.......
0x01bbfc84: 775f67b0 8c1ff178 00000000 01bbfca0 .g_wx...........
0x01bbfc94: 775e0fa4 ffffffff 77602edf 00000000 ..^w......`w....
0x01bbfca4: 00000000 00f8fe0b 01cbb000 00000000 ................
0x01bbfcb4: 00000000 00000000 00000000 00000000 ................
0x01bbfcc4: 00000000 00000000 00000000 00000000 ................
0x01bbfcd4: 00000000 00000000 00000000 00000000 ................
0x01bbfce4: 00000000 00000000 00000000 00000000 ................
0x01bbfcf4: 00000000 00000000 00000000 00000000 ................
0x01bbfd04: 00000000 00000000 00000000 00000000 ................
0x01bbfd14: 00000000 00000000 00000000 00000000 ................
0x01bbfd24: 00000000 00000000 00000000 00000000 ................
0x01bbfd34: 00000000 00000000 00000000 00000000 ................
0x01bbfd44: 00000000 00000000 00000000 00000000 ................
0x01bbfd54: 00000000 00000000 00000000 00000000 ................
0x01bbfd64: 00000000 00000000 00000000 00000000 ................
0x01bbfd74: 00000000 00000000 00000000 00000000 ................
0x01bbfd84: 00000000 00000000 00000000 00000000 ................
0x01bbfd94: 00000000 00000000 00000000 00000000 ................
0x01bbfda4: 00000000 00000000 00000000 00000000 ................
0x01bbfdb4: 00000000 00000000 00000000 00000000 ................
0x01bbfdc4: 00000000 00000000 00000000 00000000 ................
0x01bbfdd4: 00000000 00000000 00000000 00000000 ................
0x01bbfde4: 00000000 00000000 00000000 00000000 ................
0x01bbfdf4: 00000000 00000000 00000000 00000000 ................
0x01bbfe04: 00000000 00000000 00000000 00000000 ................
0x01bbfe14: 00000000 00000000 00000000 00000000 ................
0x01bbfe24: 00000000 00000000 00000000 00000000 ................
0x01bbfe34: 00000000 00000000 00000000 00000000 ................
0x01bbfe44: 00000000 00000000 00000000 00000000 ................
0x01bbfe54: 00000000 00000000 00000000 00000000 ................
0x01bbfe64: 00000000 00000000 00000000 00000000 ................
0x01bbfe74: 00000000 00000000 00000000 00000000 ................
0x01bbfe84: 00000000 00000000 00000000 00000000 ................
0x01bbfe94: 00000000 00000000 00000000 00000000 ................
0x01bbfea4: 00000000 00000000 00000000 00000000 ................
0x01bbfeb4: 00000000 00000000 00000000 00000000 ................
0x01bbfec4: 00000000 00000000 00000000 00000000 ................
0x01bbfed4: 00000000 00000000 00000000 00000000 ................
0x01bbfee4: 00000000 00000000 00000000 00000000 ................
0x01bbfef4: 00000000 00000000 00000000 00000000 ................
0x01bbff04: 00000000 00000000 00000000 00000000 ................
0x01bbff14: 00000000 00000000 00000000 00000000 ................
0x01bbff24: 00000000 00000000 00000000 00000000 ................
0x01bbff34: 00000000 00000000 00000000 00000000 ................
0x01bbff44: 00000000 00000000 00000000 00000000 ................
0x01bbff54: 00000000 00000000 00000000 00000000 ................
0x01bbff64: 00000000 00000000 00000000 00000000 ................
0x01bbff74: 00000000 00000000 00000000 00000000 ................
0x01bbff84: 00000000 00000000 00000000 00000000 ................
0x01bbff94: 00000000 00000000 00000000 00000000 ................
0x01bbffa4: 00000000 00000000 00000000 00000000 ................
0x01bbffb4: 00000000 00000000 00000000 00000000 ................
0x01bbffc4: 00000000 00000000 00000000 00000000 ................
0x01bbffd4: 00000000 00000000 00000000 00000000 ................
0x01bbffe4: 00000000 00000000 00000000 00000000 ................
0x01bbfff4: 00000000 00000000 00000000          ............

Module 1
C:\Users\Rory\Documents\AI-Game\bin\BehaviorTreeFPS.exe
Image Base: 0x00800000  Image Size: 0x0122e000
File Size:  18200576    File Time:  2016-11-24_144838
Version:
   Company:    
   Product:    
   FileDesc:   
   FileVer:    5.5.0.46319
   ProdVer:    5.5.0.46319

Module 2
C:\windows\SYSTEM32\WINMMBASE.dll
Image Base: 0x01e00000  Image Size: 0x00023000
File Size:  131208      File Time:  2016-07-16_114250
Version:
   Company:    Microsoft Corporation
   Product:    MicrosoftR WindowsR Operating System
   FileDesc:   Base Multimedia Extension API DLL
   FileVer:    10.0.14393.0
   ProdVer:    10.0.14393.0

Module 3
C:\Users\Rory\Documents\AI-Game\bin\BehaviorTreeFPS_Data\Mono\mono.dll
Image Base: 0x10000000  Image Size: 0x00231000
File Size:  2115008     File Time:  2016-11-24_150056
Version:
   Company:    Unity Technologies
   Product:    libmono
   FileDesc:   Unity Technologies fork of mono runtime
   FileVer:    1.0.0.1
   ProdVer:    1.0.0.1

Module 4
C:\PROGRA~2\RAPTRI~1\PlaysTV\ltc_game32-120603.dll
Image Base: 0x17150000  Image Size: 0x001db000
File Size:  1846480     File Time:  2017-02-16_021914
Version:
   Company:    Raptr Inc.
   Product:    Raptr In-Game Overlay
   FileDesc:   Game Module
   FileVer:    1.0.0.1
   ProdVer:    1.0.0.1

Module 5
C:\windows\system32\wbem\wbemprox.dll
Image Base: 0x55480000  Image Size: 0x0000d000
File Size:  35328       File Time:  2016-07-16_114258
Version:
   Company:    Microsoft Corporation
   Product:    MicrosoftR WindowsR Operating System
   FileDesc:   WMI
   FileVer:    10.0.14393.0
   ProdVer:    10.0.14393.0

Module 6
C:\windows\SYSTEM32\midimap.dll
Image Base: 0x61480000  Image Size: 0x00008000
File Size:  18944       File Time:  2016-07-16_114250
Version:
   Company:    Microsoft Corporation
   Product:    MicrosoftR WindowsR Operating System
   FileDesc:   Microsoft MIDI Mapper
   FileVer:    10.0.14393.0
   ProdVer:    10.0.14393.0

Module 7
C:\windows\SYSTEM32\MSACM32.dll
Image Base: 0x61490000  Image Size: 0x00018000
File Size:  90912       File Time:  2016-07-16_114250
Version:
   Company:    Microsoft Corporation
   Product:    MicrosoftR WindowsR Operating System
   FileDesc:   Microsoft ACM Audio Filter
   FileVer:    10.0.14393.0
   ProdVer:    10.0.14393.0

Module 8
C:\windows\SYSTEM32\msacm32.drv
Image Base: 0x614b0000  Image Size: 0x0000a000
File Size:  24576       File Time:  2016-07-16_114250
Version:
   Company:    Microsoft Corporation
   Product:    MicrosoftR WindowsR Operating System
   FileDesc:   Microsoft Sound Mapper
   FileVer:    10.0.14393.0
   ProdVer:    10.0.14393.0

Module 9
C:\windows\SYSTEM32\ksuser.dll
Image Base: 0x614c0000  Image Size: 0x00007000
File Size:  20672       File Time:  2016-07-16_114250
Version:
   Company:    Microsoft Corporation
   Product:    MicrosoftR WindowsR Operating System
   FileDesc:   User CSA Library
   FileVer:    10.0.14393.0
   ProdVer:    10.0.14393.0

Module 10
C:\windows\SYSTEM32\AVRT.dll
Image Base: 0x614d0000  Image Size: 0x00009000
File Size:  29448       File Time:  2016-07-16_114250
Version:
   Company:    Microsoft Corporation
   Product:    MicrosoftR WindowsR Operating System
   FileDesc:   Multimedia Realtime Runtime
   FileVer:    10.0.14393.0
   ProdVer:    10.0.14393.0

Module 11
C:\windows\SYSTEM32\wdmaud.drv
Image Base: 0x614e0000  Image Size: 0x00039000
File Size:  207360      File Time:  2016-07-16_114250
Version:
   Company:    Microsoft Corporation
   Product:    MicrosoftR WindowsR Operating System
   FileDesc:   Winmm  audio system driver
   FileVer:    10.0.14393.0
   ProdVer:    10.0.14393.0

Module 12
C:\windows\system32\wbem\fastprox.dll
Image Base: 0x615b0000  Image Size: 0x000c2000
File Size:  779776      File Time:  2016-07-16_114258
Version:
   Company:    Microsoft Corporation
   Product:    MicrosoftR WindowsR Operating System
   FileDesc:   WMI Custom Marshaller
   FileVer:    10.0.14393.0
   ProdVer:    10.0.14393.0

Module 13
C:\windows\system32\wbem\wbemsvc.dll
Image Base: 0x61680000  Image Size: 0x00010000
File Size:  48640       File Time:  2016-07-16_114258
Version:
   Company:    Microsoft Corporation
   Product:    MicrosoftR WindowsR Operating System
   FileDesc:   WMI
   FileVer:    10.0.14393.0
   ProdVer:    10.0.14393.0

Module 14
C:\windows\SYSTEM32\wbemcomn.dll
Image Base: 0x616b0000  Image Size: 0x00067000
File Size:  391168      File Time:  2016-07-16_114258
Version:
   Company:    Microsoft Corporation
   Product:    MicrosoftR WindowsR Operating System
   FileDesc:   WMI
   FileVer:    10.0.14393.0
   ProdVer:    10.0.14393.0

Module 15
C:\windows\SYSTEM32\wintypes.dll
Image Base: 0x649d0000  Image Size: 0x000cf000
File Size:  846560      File Time:  2016-12-09_095926
Version:
   Company:    Microsoft Corporation
   Product:    MicrosoftR WindowsR Operating System
   FileDesc:   Windows Base Types DLL
   FileVer:    10.0.14393.576
   ProdVer:    10.0.14393.576

Module 16
C:\Windows\System32\cryptnet.dll
Image Base: 0x691d0000  Image Size: 0x00025000
File Size:  134656      File Time:  2016-07-16_114256
Version:
   Company:    Microsoft Corporation
   Product:    MicrosoftR WindowsR Operating System
   FileDesc:   Crypto Network Related API
   FileVer:    10.0.14393.0
   ProdVer:    10.0.14393.0

Module 17
C:\windows\System32\MMDevApi.dll
Image Base: 0x69200000  Image Size: 0x00058000
File Size:  352768      File Time:  2016-07-16_114250
Version:
   Company:    Microsoft Corporation
   Product:    MicrosoftR WindowsR Operating System
   FileDesc:   MMDevice API
   FileVer:    10.0.14393.0
   ProdVer:    10.0.14393.0

Module 18
C:\windows\SYSTEM32\AUDIOSES.DLL
Image Base: 0x69260000  Image Size: 0x0007b000
File Size:  484584      File Time:  2016-11-20_181122
Version:
   Company:    Microsoft Corporation
   Product:    MicrosoftR WindowsR Operating System
   FileDesc:   Audio Session
   FileVer:    10.0.14393.447
   ProdVer:    10.0.14393.447

Module 19
C:\windows\SYSTEM32\dxgi.dll
Image Base: 0x692e0000  Image Size: 0x00084000
File Size:  527880      File Time:  2016-11-11_074746
Version:
   Company:    Microsoft Corporation
   Product:    MicrosoftR WindowsR Operating System
   FileDesc:   DirectX Graphics Infrastructure
   FileVer:    10.0.14393.479
   ProdVer:    10.0.14393.479

Module 20
C:\windows\SYSTEM32\gpapi.dll
Image Base: 0x69380000  Image Size: 0x0001f000
File Size:  112120      File Time:  2016-07-16_114248
Version:
   Company:    Microsoft Corporation
   Product:    MicrosoftR WindowsR Operating System
   FileDesc:   Group Policy Client API
   FileVer:    10.0.14393.0
   ProdVer:    10.0.14393.0

Module 21
C:\windows\SYSTEM32\d3d11.dll
Image Base: 0x693a0000  Image Size: 0x0022f000
File Size:  2277248     File Time:  2016-11-11_074802
Version:
   Company:    Microsoft Corporation
   Product:    MicrosoftR WindowsR Operating System
   FileDesc:   Direct3D 11 Runtime
   FileVer:    10.0.14393.479
   ProdVer:    10.0.14393.479

Module 22
C:\windows\SYSTEM32\DCIMAN32.dll
Image Base: 0x69c30000  Image Size: 0x00007000
File Size:  11776       File Time:  2016-07-16_114250
Version:
   Company:    Microsoft Corporation
   Product:    MicrosoftR WindowsR Operating System
   FileDesc:   DCI Manager
   FileVer:    10.0.14393.0
   ProdVer:    10.0.14393.0

Module 23
C:\windows\SYSTEM32\DDRAW.dll
Image Base: 0x69c40000  Image Size: 0x000ed000
File Size:  548352      File Time:  2016-11-20_181058
Version:
   Company:    Microsoft Corporation
   Product:    MicrosoftR WindowsR Operating System
   FileDesc:   Microsoft DirectDraw
   FileVer:    10.0.14393.447
   ProdVer:    10.0.14393.447

Module 24
C:\windows\SYSTEM32\GLU32.dll
Image Base: 0x69d30000  Image Size: 0x00025000
File Size:  141312      File Time:  2016-07-16_114306
Version:
   Company:    Microsoft Corporation
   Product:    MicrosoftR WindowsR Operating System
   FileDesc:   OpenGL Utility Library DLL
   FileVer:    10.0.14393.0
   ProdVer:    10.0.14393.0

Module 25
C:\windows\SYSTEM32\OPENGL32.dll
Image Base: 0x6a5e0000  Image Size: 0x000e0000
File Size:  786944      File Time:  2016-07-16_114306
Version:
   Company:    Microsoft Corporation
   Product:    MicrosoftR WindowsR Operating System
   FileDesc:   OpenGL Client DLL
   FileVer:    10.0.14393.0
   ProdVer:    10.0.14393.0

Module 26
C:\windows\System32\fwpuclnt.dll
Image Base: 0x6bd70000  Image Size: 0x00049000
File Size:  279040      File Time:  2016-07-16_114256
Version:
   Company:    Microsoft Corporation
   Product:    MicrosoftR WindowsR Operating System
   FileDesc:   FWP/IPsec User-Mode API
   FileVer:    10.0.14393.0
   ProdVer:    10.0.14393.0

Module 27
C:\Windows\System32\rasadhlp.dll
Image Base: 0x6bdc0000  Image Size: 0x00008000
File Size:  13312       File Time:  2016-07-16_114302
Version:
   Company:    Microsoft Corporation
   Product:    MicrosoftR WindowsR Operating System
   FileDesc:   Remote Access AutoDial Helper
   FileVer:    10.0.14393.0
   ProdVer:    10.0.14393.0

Module 28
C:\windows\SYSTEM32\WINMM.dll
Image Base: 0x6c080000  Image Size: 0x00024000
File Size:  135376      File Time:  2016-07-16_114250
Version:
   Company:    Microsoft Corporation
   Product:    MicrosoftR WindowsR Operating System
   FileDesc:   MCI API DLL
   FileVer:    10.0.14393.0
   ProdVer:    10.0.14393.0

Module 29
C:\windows\system32\uxtheme.dll
Image Base: 0x6db90000  Image Size: 0x00075000
File Size:  457728      File Time:  2016-07-16_114306
Version:
   Company:    Microsoft Corporation
   Product:    MicrosoftR WindowsR Operating System
   FileDesc:   Microsoft UxTheme Library
   FileVer:    10.0.14393.0
   ProdVer:    10.0.14393.0

Module 30
C:\windows\system32\dwmapi.dll
Image Base: 0x6dc10000  Image Size: 0x0001f000
File Size:  113504      File Time:  2016-11-20_181058
Version:
   Company:    Microsoft Corporation
   Product:    MicrosoftR WindowsR Operating System
   FileDesc:   Microsoft Desktop Window Manager API
   FileVer:    10.0.14393.206
   ProdVer:    10.0.14393.206

Module 31
C:\windows\System32\PROPSYS.dll
Image Base: 0x6e170000  Image Size: 0x0014f000
File Size:  1375456     File Time:  2016-07-16_114256
Version:
   Company:    Microsoft Corporation
   Product:    WindowsR Search
   FileDesc:   Microsoft Property System
   FileVer:    7.0.14393.0
   ProdVer:    7.0.14393.0

Module 32
C:\windows\SYSTEM32\WINHTTP.dll
Image Base: 0x6e2c0000  Image Size: 0x000a0000
File Size:  636928      File Time:  2016-11-20_181058
Version:
   Company:    Microsoft Corporation
   Product:    MicrosoftR WindowsR Operating System
   FileDesc:   Windows HTTP Services
   FileVer:    10.0.14393.351
   ProdVer:    10.0.14393.351

Module 33
C:\windows\WinSxS\x86_microsoft.windows.common-controls_6595b64144ccf1df_6.0.14393.447_none_89c64d28dafea4b9\comctl32.dll
Image Base: 0x6ea10000  Image Size: 0x0020a000
File Size:  2122080     File Time:  2016-11-20_181116
Version:
   Company:    Microsoft Corporation
   Product:    MicrosoftR WindowsR Operating System
   FileDesc:   User Experience Controls Library
   FileVer:    6.10.14393.447
   ProdVer:    10.0.14393.447

Module 34
C:\windows\SYSTEM32\dbghelp.dll
Image Base: 0x6f140000  Image Size: 0x00145000
File Size:  1220608     File Time:  2016-07-16_114258
Version:
   Company:    Microsoft
   Product:    MicrosoftR WindowsR Operating System
   FileDesc:   Windows Image Helper
   FileVer:    10.0.14321.1024
   ProdVer:    10.0.14321.1024

Module 35
C:\windows\SYSTEM32\WINNSI.DLL
Image Base: 0x6f7c0000  Image Size: 0x00008000
File Size:  26848       File Time:  2016-07-16_114228
Version:
   Company:    Microsoft Corporation
   Product:    MicrosoftR WindowsR Operating System
   FileDesc:   Network Store Information RPC interface
   FileVer:    10.0.14393.0
   ProdVer:    10.0.14393.0

Module 36
C:\windows\SYSTEM32\dhcpcsvc.DLL
Image Base: 0x6f7d0000  Image Size: 0x00014000
File Size:  63488       File Time:  2016-07-16_114256
Version:
   Company:    Microsoft Corporation
   Product:    MicrosoftR WindowsR Operating System
   FileDesc:   DHCP Client Service
   FileVer:    10.0.14393.0
   ProdVer:    10.0.14393.0

Module 37
C:\windows\SYSTEM32\dhcpcsvc6.DLL
Image Base: 0x6f7f0000  Image Size: 0x00013000
File Size:  57344       File Time:  2016-07-16_114256
Version:
   Company:    Microsoft Corporation
   Product:    MicrosoftR WindowsR Operating System
   FileDesc:   DHCPv6 Client
   FileVer:    10.0.14393.0
   ProdVer:    10.0.14393.0

Module 38
C:\windows\SYSTEM32\IPHLPAPI.DLL
Image Base: 0x6f8b0000  Image Size: 0x0002f000
File Size:  184416      File Time:  2016-07-16_114256
Version:
   Company:    Microsoft Corporation
   Product:    MicrosoftR WindowsR Operating System
   FileDesc:   IP Helper API
   FileVer:    10.0.14393.0
   ProdVer:    10.0.14393.0

Module 39
C:\windows\SYSTEM32\DNSAPI.dll
Image Base: 0x6f8e0000  Image Size: 0x0007c000
File Size:  496872      File Time:  2016-11-20_181102
Version:
   Company:    Microsoft Corporation
   Product:    MicrosoftR WindowsR Operating System
   FileDesc:   DNS Client API DLL
   FileVer:    10.0.14393.206
   ProdVer:    10.0.14393.206

Module 40
C:\windows\SYSTEM32\MSWSOCK.dll
Image Base: 0x6f9a0000  Image Size: 0x0004e000
File Size:  306016      File Time:  2016-07-16_114256
Version:
   Company:    Microsoft Corporation
   Product:    MicrosoftR WindowsR Operating System
   FileDesc:   Microsoft Windows Sockets 2.0 Service Provider
   FileVer:    10.0.14393.0
   ProdVer:    10.0.14393.0

Module 41
C:\windows\SYSTEM32\ntmarta.dll
Image Base: 0x718a0000  Image Size: 0x00028000
File Size:  154432      File Time:  2016-07-16_114256
Version:
   Company:    Microsoft Corporation
   Product:    MicrosoftR WindowsR Operating System
   FileDesc:   Windows NT MARTA provider
   FileVer:    10.0.14393.0
   ProdVer:    10.0.14393.0

Module 42
C:\windows\System32\DEVOBJ.dll
Image Base: 0x718d0000  Image Size: 0x00022000
File Size:  132232      File Time:  2016-07-16_114256
Version:
   Company:    Microsoft Corporation
   Product:    MicrosoftR WindowsR Operating System
   FileDesc:   Device Information Set DLL
   FileVer:    10.0.14393.0
   ProdVer:    10.0.14393.0

Module 43
C:\windows\SYSTEM32\bcrypt.dll
Image Base: 0x71900000  Image Size: 0x0001b000
File Size:  106896      File Time:  2016-12-09_100100
Version:
   Company:    Microsoft Corporation
   Product:    MicrosoftR WindowsR Operating System
   FileDesc:   Windows Cryptographic Primitives Library
   FileVer:    10.0.14393.576
   ProdVer:    10.0.14393.576

Module 44
C:\windows\system32\rsaenh.dll
Image Base: 0x71920000  Image Size: 0x0002f000
File Size:  184416      File Time:  2016-07-16_114256
Version:
   Company:    Microsoft Corporation
   Product:    MicrosoftR WindowsR Operating System
   FileDesc:   Microsoft Enhanced Cryptographic Provider
   FileVer:    10.0.14393.0
   ProdVer:    10.0.14393.0

Module 45
C:\windows\SYSTEM32\CRYPTSP.dll
Image Base: 0x71950000  Image Size: 0x00013000
File Size:  68720       File Time:  2016-07-16_114256
Version:
   Company:    Microsoft Corporation
   Product:    MicrosoftR WindowsR Operating System
   FileDesc:   Cryptographic Service Provider API
   FileVer:    10.0.14393.0
   ProdVer:    10.0.14393.0

Module 46
C:\windows\SYSTEM32\VERSION.dll
Image Base: 0x73e70000  Image Size: 0x00008000
File Size:  27360       File Time:  2016-07-16_114306
Version:
   Company:    Microsoft Corporation
   Product:    MicrosoftR WindowsR Operating System
   FileDesc:   Version Checking and File Installation Libraries
   FileVer:    10.0.14393.0
   ProdVer:    10.0.14393.0

Module 47
c:\PROGRA~1\BULLGU~1\BULLGU~1\Files32\BgAgent.dll
Image Base: 0x73f60000  Image Size: 0x00021000
File Size:  126360      File Time:  2017-01-19_133032
Version:
   Company:    BullGuard Ltd.
   Product:    BullGuard
   FileDesc:   BullGuard protection agent
   FileVer:    2.0.0.57
   ProdVer:    1.0.0.0

Module 48
C:\windows\SYSTEM32\HID.DLL
Image Base: 0x74020000  Image Size: 0x0000a000
File Size:  25600       File Time:  2016-07-16_114250
Version:
   Company:    Microsoft Corporation
   Product:    MicrosoftR WindowsR Operating System
   FileDesc:   Hid User Library
   FileVer:    10.0.14393.0
   ProdVer:    10.0.14393.0

Module 49
C:\windows\System32\CRYPTBASE.dll
Image Base: 0x74030000  Image Size: 0x0000a000
File Size:  31528       File Time:  2016-07-16_114250
Version:
   Company:    Microsoft Corporation
   Product:    MicrosoftR WindowsR Operating System
   FileDesc:   Base cryptographic API DLL
   FileVer:    10.0.14393.0
   ProdVer:    10.0.14393.0

Module 50
C:\windows\System32\SspiCli.dll
Image Base: 0x74040000  Image Size: 0x0001e000
File Size:  117240      File Time:  2016-12-09_095110
Version:
   Company:    Microsoft Corporation
   Product:    MicrosoftR WindowsR Operating System
   FileDesc:   Security Support Provider Interface
   FileVer:    10.0.14393.576
   ProdVer:    10.0.14393.576

Module 51
C:\windows\System32\powrprof.dll
Image Base: 0x74060000  Image Size: 0x00045000
File Size:  275832      File Time:  2016-07-16_114256
Version:
   Company:    Microsoft Corporation
   Product:    MicrosoftR WindowsR Operating System
   FileDesc:   Power Profile Helper DLL
   FileVer:    10.0.14393.0
   ProdVer:    10.0.14393.0

Module 52
C:\windows\System32\profapi.dll
Image Base: 0x74220000  Image Size: 0x0000f000
File Size:  54752       File Time:  2016-07-16_114250
Version:
   Company:    Microsoft Corporation
   Product:    MicrosoftR WindowsR Operating System
   FileDesc:   User Profile Basic API
   FileVer:    10.0.14393.0
   ProdVer:    10.0.14393.0

Module 53
C:\windows\System32\MSASN1.dll
Image Base: 0x74230000  Image Size: 0x0000e000
File Size:  49080       File Time:  2016-07-16_114256
Version:
   Company:    Microsoft Corporation
   Product:    MicrosoftR WindowsR Operating System
   FileDesc:   ASN.1 Runtime APIs
   FileVer:    10.0.14393.0
   ProdVer:    10.0.14393.0

Module 54
C:\windows\System32\PSAPI.DLL
Image Base: 0x74240000  Image Size: 0x00006000
File Size:  17048       File Time:  2016-07-16_114246
Version:
   Company:    Microsoft Corporation
   Product:    MicrosoftR WindowsR Operating System
   FileDesc:   Process Status Helper
   FileVer:    10.0.14393.0
   ProdVer:    10.0.14393.0

Module 55
C:\windows\System32\combase.dll
Image Base: 0x74250000  Image Size: 0x00211000
File Size:  2166752     File Time:  2016-12-09_095926
Version:
   Company:    Microsoft Corporation
   Product:    MicrosoftR WindowsR Operating System
   FileDesc:   Microsoft COM for Windows
   FileVer:    10.0.14393.576
   ProdVer:    10.0.14393.576

Module 56
C:\windows\System32\clbcatq.dll
Image Base: 0x74470000  Image Size: 0x00084000
File Size:  528360      File Time:  2016-07-16_114248
Version:
   Company:    Microsoft Corporation
   Product:    MicrosoftR WindowsR Operating System
   FileDesc:   COM+ Configuration Catalog
   FileVer:    2001.12.10941.16384
   ProdVer:    10.0.14393.0

Module 57
C:\windows\System32\USER32.dll
Image Base: 0x74500000  Image Size: 0x0015f000
File Size:  1435896     File Time:  2016-12-09_095222
Version:
   Company:    Microsoft Corporation
   Product:    MicrosoftR WindowsR Operating System
   FileDesc:   Multi-User Windows USER API Client DLL
   FileVer:    10.0.14393.576
   ProdVer:    10.0.14393.576

Module 58
C:\windows\System32\OLEAUT32.dll
Image Base: 0x74660000  Image Size: 0x00094000
File Size:  601712      File Time:  2016-11-20_181058
Version:
   Company:    Microsoft Corporation
   Product:    MicrosoftR WindowsR Operating System
   FileDesc:   OLEAUT32.DLL
   FileVer:    10.0.14393.447
   ProdVer:    10.0.14393.447

Module 59
C:\windows\System32\win32u.dll
Image Base: 0x74b70000  Image Size: 0x00015000
File Size:  79536       File Time:  2016-11-20_181100
Version:
   Company:    Microsoft Corporation
   Product:    MicrosoftR WindowsR Operating System
   FileDesc:   Win32u
   FileVer:    10.0.14393.51
   ProdVer:    10.0.14393.51

Module 60
C:\windows\System32\SHLWAPI.dll
Image Base: 0x74b90000  Image Size: 0x00046000
File Size:  284056      File Time:  2016-07-16_114304
Version:
   Company:    Microsoft Corporation
   Product:    MicrosoftR WindowsR Operating System
   FileDesc:   Shell Light-weight Utility Library
   FileVer:    10.0.14393.0
   ProdVer:    10.0.14393.0

Module 61
C:\windows\System32\WINTRUST.dll
Image Base: 0x74be0000  Image Size: 0x00044000
File Size:  272720      File Time:  2016-11-20_181058
Version:
   Company:    Microsoft Corporation
   Product:    MicrosoftR WindowsR Operating System
   FileDesc:   Microsoft Trust Verification APIs
   FileVer:    10.0.14393.351
   ProdVer:    10.0.14393.351

Module 62
C:\windows\System32\bcryptPrimitives.dll
Image Base: 0x74c30000  Image Size: 0x0005a000
File Size:  367208      File Time:  2016-07-16_114228
Version:
   Company:    Microsoft Corporation
   Product:    MicrosoftR WindowsR Operating System
   FileDesc:   Windows Cryptographic Primitives Library
   FileVer:    10.0.14393.0
   ProdVer:    10.0.14393.0

Module 63
C:\windows\System32\ole32.dll
Image Base: 0x74c90000  Image Size: 0x000ea000
File Size:  959112      File Time:  2016-12-09_095616
Version:
   Company:    Microsoft Corporation
   Product:    MicrosoftR WindowsR Operating System
   FileDesc:   Microsoft OLE for Windows
   FileVer:    10.0.14393.576
   ProdVer:    10.0.14393.576

Module 64
C:\windows\System32\msvcp_win.dll
Image Base: 0x74e70000  Image Size: 0x0007b000
File Size:  498408      File Time:  2016-07-16_114256
Version:
   Company:    Microsoft Corporation
   Product:    MicrosoftR WindowsR Operating System
   FileDesc:   MicrosoftR C Runtime Library
   FileVer:    10.0.14393.0
   ProdVer:    10.0.14393.0

Module 65
C:\windows\System32\ucrtbase.dll
Image Base: 0x74ef0000  Image Size: 0x000e0000
File Size:  918304      File Time:  2016-07-16_114256
Version:
   Company:    Microsoft Corporation
   Product:    MicrosoftR WindowsR Operating System
   FileDesc:   MicrosoftR C Runtime Library
   FileVer:    10.0.14393.0
   ProdVer:    10.0.14393.0

Module 66
C:\windows\System32\ADVAPI32.dll
Image Base: 0x74fd0000  Image Size: 0x00077000
File Size:  482392      File Time:  2016-07-16_114250
Version:
   Company:    Microsoft Corporation
   Product:    MicrosoftR WindowsR Operating System
   FileDesc:   Advanced Windows 32 Base API
   FileVer:    10.0.14393.0
   ProdVer:    10.0.14393.0

Module 67
C:\windows\System32\sechost.dll
Image Base: 0x75050000  Image Size: 0x00041000
File Size:  255168      File Time:  2016-07-16_114250
Version:
   Company:    Microsoft Corporation
   Product:    MicrosoftR WindowsR Operating System
   FileDesc:   Host for SCM/SDDL/LSA Lookup APIs
   FileVer:    10.0.14393.0
   ProdVer:    10.0.14393.0

Module 68
C:\windows\System32\KERNELBASE.dll
Image Base: 0x75140000  Image Size: 0x001a1000
File Size:  1706488     File Time:  2016-11-11_080002
Version:
   Company:    Microsoft Corporation
   Product:    MicrosoftR WindowsR Operating System
   FileDesc:   Windows NT BASE API Client DLL
   FileVer:    10.0.14393.479
   ProdVer:    10.0.14393.479

Module 69
C:\windows\System32\gdi32full.dll
Image Base: 0x75350000  Image Size: 0x0015b000
File Size:  1415752     File Time:  2016-12-09_095222
Version:
   Company:    Microsoft Corporation
   Product:    MicrosoftR WindowsR Operating System
   FileDesc:   GDI Client DLL
   FileVer:    10.0.14393.576
   ProdVer:    10.0.14393.576

Module 70
C:\windows\System32\MSCTF.dll
Image Base: 0x754b0000  Image Size: 0x00135000
File Size:  1263856     File Time:  2016-11-11_073820
Version:
   Company:    Microsoft Corporation
   Product:    MicrosoftR WindowsR Operating System
   FileDesc:   MSCTF Server DLL
   FileVer:    10.0.14393.479
   ProdVer:    10.0.14393.479

Module 71
C:\windows\System32\cfgmgr32.dll
Image Base: 0x755f0000  Image Size: 0x00036000
File Size:  213848      File Time:  2016-07-16_114256
Version:
   Company:    Microsoft Corporation
   Product:    MicrosoftR WindowsR Operating System
   FileDesc:   Configuration Manager DLL
   FileVer:    10.0.14393.0
   ProdVer:    10.0.14393.0

Module 72
C:\windows\System32\NSI.dll
Image Base: 0x75630000  Image Size: 0x00007000
File Size:  20152       File Time:  2016-07-16_114228
Version:
   Company:    Microsoft Corporation
   Product:    MicrosoftR WindowsR Operating System
   FileDesc:   NSI User-mode interface DLL
   FileVer:    10.0.14393.0
   ProdVer:    10.0.14393.0

Module 73
C:\windows\System32\SHELL32.dll
Image Base: 0x75640000  Image Size: 0x013d9000
File Size:  20969928    File Time:  2016-12-21_050136
Version:
   Company:    Microsoft Corporation
   Product:    MicrosoftR WindowsR Operating System
   FileDesc:   Windows Shell Common Dll
   FileVer:    10.0.14393.693
   ProdVer:    10.0.14393.693

Module 74
C:\windows\System32\RPCRT4.dll
Image Base: 0x76a20000  Image Size: 0x000c1000
File Size:  790760      File Time:  2016-11-20_181112
Version:
   Company:    Microsoft Corporation
   Product:    MicrosoftR WindowsR Operating System
   FileDesc:   Remote Procedure Call Runtime
   FileVer:    10.0.14393.82
   ProdVer:    10.0.14393.82

Module 75
C:\windows\System32\GDI32.dll
Image Base: 0x76af0000  Image Size: 0x0002b000
File Size:  170960      File Time:  2016-11-20_181102
Version:
   Company:    Microsoft Corporation
   Product:    MicrosoftR WindowsR Operating System
   FileDesc:   GDI Client DLL
   FileVer:    10.0.14393.206
   ProdVer:    10.0.14393.206

Module 76
C:\windows\System32\WS2_32.dll
Image Base: 0x76b20000  Image Size: 0x00063000
File Size:  402352      File Time:  2016-11-20_181112
Version:
   Company:    Microsoft Corporation
   Product:    MicrosoftR WindowsR Operating System
   FileDesc:   Windows Socket 2.0 32-Bit DLL
   FileVer:    10.0.14393.206
   ProdVer:    10.0.14393.206

Module 77
C:\windows\System32\KERNEL32.DLL
Image Base: 0x76b90000  Image Size: 0x000e0000
File Size:  616048      File Time:  2016-07-16_114246
Version:
   Company:    Microsoft Corporation
   Product:    MicrosoftR WindowsR Operating System
   FileDesc:   Windows NT BASE API Client DLL
   FileVer:    10.0.14393.0
   ProdVer:    10.0.14393.0

Module 78
C:\windows\System32\msvcrt.dll
Image Base: 0x76c70000  Image Size: 0x000be000
File Size:  773168      File Time:  2016-07-16_114250
Version:
   Company:    Microsoft Corporation
   Product:    MicrosoftR WindowsR Operating System
   FileDesc:   Windows NT CRT DLL
   FileVer:    7.0.14393.0
   ProdVer:    10.0.14393.0

Module 79
C:\windows\System32\windows.storage.dll
Image Base: 0x76d30000  Image Size: 0x0056e000
File Size:  5722832     File Time:  2016-11-11_074716
Version:
   Company:    Microsoft Corporation
   Product:    MicrosoftR WindowsR Operating System
   FileDesc:   Microsoft WinRT Storage API
   FileVer:    10.0.14393.479
   ProdVer:    10.0.14393.479

Module 80
C:\windows\System32\shcore.dll
Image Base: 0x772a0000  Image Size: 0x00088000
File Size:  549088      File Time:  2016-07-16_114244
Version:
   Company:    Microsoft Corporation
   Product:    MicrosoftR WindowsR Operating System
   FileDesc:   SHCORE
   FileVer:    10.0.14393.0
   ProdVer:    10.0.14393.0

Module 81
C:\windows\System32\CRYPT32.dll
Image Base: 0x77330000  Image Size: 0x0017d000
File Size:  1556712     File Time:  2016-11-20_181058
Version:
   Company:    Microsoft Corporation
   Product:    MicrosoftR WindowsR Operating System
   FileDesc:   Crypto API32
   FileVer:    10.0.14393.351
   ProdVer:    10.0.14393.351

Module 82
C:\windows\System32\IMM32.dll
Image Base: 0x774c0000  Image Size: 0x00025000
File Size:  144632      File Time:  2016-07-16_114250
Version:
   Company:    Microsoft Corporation
   Product:    MicrosoftR WindowsR Operating System
   FileDesc:   Multi-User Windows IMM32 API Client DLL
   FileVer:    10.0.14393.0
   ProdVer:    10.0.14393.0

Module 83
C:\windows\System32\kernel.appcore.dll
Image Base: 0x774f0000  Image Size: 0x0000d000
File Size:  43416       File Time:  2016-07-16_114256
Version:
   Company:    Microsoft Corporation
   Product:    MicrosoftR WindowsR Operating System
   FileDesc:   AppModel API Host
   FileVer:    10.0.14393.0
   ProdVer:    10.0.14393.0

Module 84
C:\windows\System32\imagehlp.dll
Image Base: 0x77560000  Image Size: 0x00019000
File Size:  93984       File Time:  2016-07-16_114228
Version:
   Company:    Microsoft Corporation
   Product:    MicrosoftR WindowsR Operating System
   FileDesc:   Windows NT Image Helper
   FileVer:    10.0.14393.0
   ProdVer:    10.0.14393.0

Module 85
C:\windows\SYSTEM32\ntdll.dll
Image Base: 0x77580000  Image Size: 0x00183000
File Size:  1572768     File Time:  2016-11-11_080000
Version:
   Company:    Microsoft Corporation
   Product:    MicrosoftR WindowsR Operating System
   FileDesc:   NT Layer DLL
   FileVer:    10.0.14393.479
   ProdVer:    10.0.14393.479

Module 86
C:\PROGRA~2\RAPTRI~1\PlaysTV\ltc_help32-120603.dll
Image Base: 0x77a80000  Image Size: 0x00026000
File Size:  138448      File Time:  2017-02-16_021914
Version:
   Company:    Raptr Inc.
   Product:    Raptr In-Game Overlay
   FileDesc:   Help Module
   FileVer:    1.0.0.1
   ProdVer:    1.0.0.1


== [end of error.log] ==
